\BOOKMARK [0][-]{chapter*.4}{\376\377\000R\000e\000s\000u\000m\000o}{}% 1
\BOOKMARK [0][-]{chapter*.5}{\376\377\000A\000b\000s\000t\000r\000a\000c\000t}{}% 2
\BOOKMARK [0][-]{chapter*.6}{\376\377\000\315\000n\000d\000i\000c\000e\000\040\000d\000e\000\040\000C\000o\000n\000t\000e\000\372\000d\000o\000s}{}% 3
\BOOKMARK [0][-]{chapter*.7}{\376\377\000\315\000n\000d\000i\000c\000e\000\040\000d\000e\000\040\000F\000i\000g\000u\000r\000a\000s}{}% 4
\BOOKMARK [0][-]{chapter*.8}{\376\377\000\315\000n\000d\000i\000c\000e\000\040\000d\000e\000\040\000T\000a\000b\000e\000l\000a\000s}{}% 5
\BOOKMARK [0][-]{chapter*.9}{\376\377\000L\000i\000s\000t\000a\000\040\000d\000e\000\040\000A\000c\000r\000\363\000n\000i\000m\000o\000s}{}% 6
\BOOKMARK [0][-]{chapter.1}{\376\377\000I\000n\000t\000r\000o\000d\000u\000\347\000\343\000o}{}% 7
\BOOKMARK [1][-]{section.1.1}{\376\377\000O\000b\000j\000e\000t\000i\000v\000o\000s}{chapter.1}% 8
\BOOKMARK [1][-]{section.1.2}{\376\377\000M\000o\000t\000i\000v\000a\000\347\000\343\000o}{chapter.1}% 9
\BOOKMARK [1][-]{section.1.3}{\376\377\000O\000r\000g\000a\000n\000i\000z\000a\000\347\000\343\000o\000\040\000d\000o\000\040\000R\000e\000l\000a\000t\000\363\000r\000i\000o}{chapter.1}% 10
\BOOKMARK [0][-]{chapter.2}{\376\377\000T\000r\000a\000b\000a\000l\000h\000o\000\040\000R\000e\000l\000a\000c\000i\000o\000n\000a\000d\000o}{}% 11
\BOOKMARK [1][-]{section.2.1}{\376\377\000E\000q\000u\000i\000p\000a\000m\000e\000n\000t\000o\000s\000\040\000d\000e\000\040\000L\000e\000i\000t\000u\000r\000a}{chapter.2}% 12
\BOOKMARK [1][-]{section.2.2}{\376\377\000S\000o\000l\000u\000\347\000\365\000e\000s\000\040\000S\000e\000m\000e\000l\000h\000a\000n\000t\000e\000s}{chapter.2}% 13
\BOOKMARK [1][-]{section.2.3}{\376\377\000M\000a\000g\000i\000c\000D\000r\000a\000w}{chapter.2}% 14
\BOOKMARK [2][-]{subsection.2.3.1}{\376\377\000L\000i\000n\000g\000u\000a\000g\000e\000m\000\040\000S\000y\000s\000M\000L}{section.2.3}% 15
\BOOKMARK [2][-]{subsection.2.3.2}{\376\377\000M\000o\000d\000e\000l\000o\000\040\000d\000e\000\040\000D\000a\000d\000o\000s\000\040\000C\000a\000m\000e\000o}{section.2.3}% 16
\BOOKMARK [0][-]{chapter.3}{\376\377\000A\000n\000\341\000l\000i\000s\000e\000\040\000d\000o\000\040\000P\000r\000o\000b\000l\000e\000m\000a}{}% 17
\BOOKMARK [1][-]{section.3.1}{\376\377\000A\000r\000q\000u\000i\000t\000e\000t\000u\000r\000a\000\040\000L\000\363\000g\000i\000c\000a\000\040\000d\000o\000\040\000S\000i\000s\000t\000e\000m\000a}{chapter.3}% 18
\BOOKMARK [1][-]{section.3.2}{\376\377\000R\000e\000q\000u\000i\000s\000i\000t\000o\000s\000\040\000d\000o\000\040\000S\000i\000s\000t\000e\000m\000a}{chapter.3}% 19
\BOOKMARK [2][-]{subsection.3.2.1}{\376\377\000R\000e\000q\000u\000i\000s\000i\000t\000o\000s\000\040\000F\000u\000n\000c\000i\000o\000n\000a\000i\000s}{section.3.2}% 20
\BOOKMARK [2][-]{subsection.3.2.2}{\376\377\000R\000e\000q\000u\000i\000s\000i\000t\000o\000s\000\040\000n\000\343\000o\000\040\000F\000u\000n\000c\000i\000o\000n\000a\000i\000s}{section.3.2}% 21
\BOOKMARK [1][-]{section.3.3}{\376\377\000C\000a\000s\000o\000s\000\040\000d\000e\000\040\000U\000t\000i\000l\000i\000z\000a\000\347\000\343\000o}{chapter.3}% 22
\BOOKMARK [2][-]{subsection.3.3.1}{\376\377\000S\000u\000b\000s\000c\000r\000i\000\347\000\343\000o\000\040\000e\000\040\000A\000u\000t\000e\000n\000t\000i\000c\000a\000\347\000\343\000o}{section.3.3}% 23
\BOOKMARK [2][-]{subsection.3.3.2}{\376\377\000R\000e\000g\000i\000s\000t\000o\000s\000\040\000d\000e\000\040\000C\000o\000n\000t\000r\000a\000t\000o\000s\000\040\000e\000\040\000C\000o\000n\000t\000a\000d\000o\000r\000e\000s}{section.3.3}% 24
\BOOKMARK [2][-]{subsection.3.3.3}{\376\377\000V\000i\000s\000u\000a\000l\000i\000z\000a\000r\000\040\000I\000n\000f\000o\000r\000m\000a\000\347\000\343\000o\000\040\000d\000o\000\040\000U\000t\000i\000l\000i\000z\000a\000d\000o\000r}{section.3.3}% 25
\BOOKMARK [2][-]{subsection.3.3.4}{\376\377\000V\000i\000s\000u\000a\000l\000i\000z\000a\000r\000\040\000I\000n\000f\000o\000r\000m\000a\000\347\000\343\000o\000\040\000d\000o\000\040\000A\000d\000m\000i\000n\000i\000s\000t\000r\000a\000d\000o\000r}{section.3.3}% 26
\BOOKMARK [2][-]{subsection.3.3.5}{\376\377\000E\000n\000v\000i\000o\000\040\000d\000e\000\040\000N\000o\000t\000i\000f\000i\000c\000a\000\347\000\365\000e\000s}{section.3.3}% 27
\BOOKMARK [1][-]{section.3.4}{\376\377\000M\000o\000c\000k\000u\000p\000s\000\040\000d\000a\000\040\000I\000n\000t\000e\000r\000f\000a\000c\000e\000\040\000c\000o\000m\000\040\000o\000\040\000U\000t\000i\000l\000i\000z\000a\000d\000o\000r}{chapter.3}% 28
\BOOKMARK [1][-]{section.3.5}{\376\377\000S\000i\000s\000t\000e\000m\000a\000\040\000d\000e\000\040\000B\000a\000s\000e\000\040\000D\000a\000d\000o\000s}{chapter.3}% 29
\BOOKMARK [0][-]{chapter.4}{\376\377\000I\000m\000p\000l\000e\000m\000e\000n\000t\000a\000\347\000\343\000o\000\040\000d\000o\000\040\000M\000o\000d\000e\000l\000o}{}% 30
\BOOKMARK [1][-]{section.4.1}{\376\377\000A\000r\000q\000u\000i\000t\000e\000t\000u\000r\000a\000\040\000T\000e\000c\000n\000o\000l\000\363\000g\000i\000c\000a}{chapter.4}% 31
\BOOKMARK [1][-]{section.4.2}{\376\377\000P\000r\000e\000p\000a\000r\000a\000\347\000\343\000o\000\040\000d\000a\000s\000\040\000I\000m\000a\000g\000e\000n\000s\000\040\000p\000a\000r\000a\000\040\000t\000r\000a\000t\000a\000m\000e\000n\000t\000o\000\040\000p\000o\000r\000\040\000O\000C\000R}{chapter.4}% 32
\BOOKMARK [0][-]{chapter.5}{\376\377\000V\000a\000l\000i\000d\000a\000\347\000\365\000e\000s\000\040\000e\000\040\000T\000e\000s\000t\000e\000s}{}% 33
\BOOKMARK [1][-]{section.5.1}{\376\377\000L\000o\000g\000i\000n}{chapter.5}% 34
\BOOKMARK [1][-]{section.5.2}{\376\377\000R\000e\000g\000i\000s\000t\000a\000r\000\040\000U\000t\000i\000l\000i\000z\000a\000d\000o\000r}{chapter.5}% 35
\BOOKMARK [1][-]{section.5.3}{\376\377\000P\000\341\000g\000i\000n\000a\000\040\000P\000r\000i\000n\000c\000i\000p\000a\000l}{chapter.5}% 36
\BOOKMARK [1][-]{section.5.4}{\376\377\000P\000e\000r\000f\000i\000l\000\040\000d\000e\000\040\000U\000t\000i\000l\000i\000z\000a\000d\000o\000r}{chapter.5}% 37
\BOOKMARK [1][-]{section.5.5}{\376\377\000R\000e\000g\000i\000s\000t\000o\000\040\000d\000e\000\040\000C\000o\000n\000t\000r\000a\000t\000o\000s}{chapter.5}% 38
\BOOKMARK [1][-]{section.5.6}{\376\377\000C\000o\000n\000s\000u\000l\000t\000a\000r}{chapter.5}% 39
\BOOKMARK [2][-]{subsection.5.6.1}{\376\377\000C\000o\000n\000s\000u\000m\000o\000s}{section.5.6}% 40
\BOOKMARK [2][-]{subsection.5.6.2}{\376\377\000C\000o\000n\000t\000r\000a\000t\000o\000s}{section.5.6}% 41
\BOOKMARK [1][-]{section.5.7}{\376\377\000E\000n\000v\000i\000a\000r\000\040\000C\000o\000n\000s\000u\000m\000o\000s}{chapter.5}% 42
\BOOKMARK [1][-]{section.5.8}{\376\377\000N\000o\000t\000i\000f\000i\000c\000a\000\347\000\365\000e\000s}{chapter.5}% 43
\BOOKMARK [0][-]{chapter.6}{\376\377\000C\000o\000n\000c\000l\000u\000s\000\365\000e\000s\000\040\000e\000\040\000T\000r\000a\000b\000a\000l\000h\000o\000\040\000F\000u\000t\000u\000r\000o}{}% 44
\BOOKMARK [1][-]{section.6.1}{\376\377\000S\000i\000t\000u\000a\000\347\000\343\000o\000\040\000A\000t\000u\000a\000l}{chapter.6}% 45
\BOOKMARK [1][-]{section.6.2}{\376\377\000P\000e\000r\000s\000p\000e\000t\000i\000v\000a\000s\000\040\000F\000u\000t\000u\000r\000a\000s}{chapter.6}% 46
\BOOKMARK [1][-]{section.6.3}{\376\377\000C\000o\000n\000s\000i\000d\000e\000r\000a\000\347\000\365\000e\000s\000\040\000F\000i\000n\000a\000i\000s}{chapter.6}% 47
\BOOKMARK [0][-]{appendix.A}{\376\377\000D\000i\000a\000g\000r\000a\000m\000a\000\040\000d\000e\000\040\000A\000t\000i\000v\000i\000d\000a\000d\000e\000s}{}% 48
\BOOKMARK [1][-]{section.A.1}{\376\377\000D\000i\000a\000g\000r\000a\000m\000a\000\040\000d\000e\000\040\000A\000t\000i\000v\000i\000d\000a\000d\000e\000s\000\040\000-\000\040\000A\000u\000t\000e\000n\000t\000i\000c\000a\000\347\000\343\000o}{appendix.A}% 49
\BOOKMARK [1][-]{section.A.2}{\376\377\000D\000i\000a\000g\000r\000a\000m\000a\000\040\000d\000e\000\040\000A\000t\000i\000v\000i\000d\000a\000d\000e\000s\000\040\000-\000\040\000R\000e\000g\000i\000s\000t\000o\000\040\000d\000e\000\040\000C\000o\000n\000t\000a\000d\000o\000r\000e\000s}{appendix.A}% 50
\BOOKMARK [0][-]{appendix.B}{\376\377\000M\000o\000d\000e\000l\000o\000\040\000E\000n\000t\000i\000d\000a\000d\000e\000\040\000A\000s\000s\000o\000c\000i\000a\000\347\000\343\000o\000\040\000d\000a\000\040\000B\000a\000s\000e\000\040\000D\000a\000d\000o\000s}{}% 51
\BOOKMARK [0][-]{appendix*.46}{\376\377\000B\000i\000b\000l\000i\000o\000g\000r\000a\000f\000i\000a}{}% 52
